2016/09/05 00:54:52 [INFO] Terraform version: 0.7.1  
2016/09/05 00:54:52 [INFO] CLI args: []string{"/usr/local/Cellar/terraform/0.7.1/bin/terraform", "apply"}
2016/09/05 00:54:52 [DEBUG] Detected home directory from env var: /Users/martinivanov
2016/09/05 00:54:52 [DEBUG] Detected home directory from env var: /Users/martinivanov
2016/09/05 00:54:52 [DEBUG] Attempting to open CLI config file: /Users/martinivanov/.terraformrc
2016/09/05 00:54:52 [DEBUG] Detected home directory from env var: /Users/martinivanov
2016/09/05 00:54:52 [TRACE] Preserving existing state lineage "4122cfa7-d88d-411e-9a53-1cc2f7b0d13d"
2016/09/05 00:54:52 [TRACE] Preserving existing state lineage "4122cfa7-d88d-411e-9a53-1cc2f7b0d13d"
2016/09/05 00:54:52 [TRACE] Graph after step *terraform.ConfigTransformer:

kong_api_plugin.jwt1 - *terraform.GraphNodeConfigResource
provider.kong - *terraform.GraphNodeConfigProvider
2016/09/05 00:54:52 [TRACE] Graph after step *terraform.OrphanTransformer:

kong_api_plugin.jwt1 - *terraform.GraphNodeConfigResource
provider.kong - *terraform.GraphNodeConfigProvider
2016/09/05 00:54:52 [TRACE] Graph after step *terraform.AddOutputOrphanTransformer:

kong_api_plugin.jwt1 - *terraform.GraphNodeConfigResource
provider.kong - *terraform.GraphNodeConfigProvider
2016/09/05 00:54:52 [TRACE] Graph after step *terraform.MissingProviderTransformer:

kong_api_plugin.jwt1 - *terraform.GraphNodeConfigResource
provider.kong - *terraform.GraphNodeConfigProvider
2016/09/05 00:54:52 [TRACE] Graph after step *terraform.ProviderTransformer:

kong_api_plugin.jwt1 - *terraform.GraphNodeConfigResource
  provider.kong - *terraform.GraphNodeConfigProvider
provider.kong - *terraform.GraphNodeConfigProvider
2016/09/05 00:54:52 [TRACE] Graph after step *terraform.DisableProviderTransformer:

kong_api_plugin.jwt1 - *terraform.GraphNodeConfigResource
  provider.kong - *terraform.GraphNodeConfigProvider
provider.kong - *terraform.GraphNodeConfigProvider
2016/09/05 00:54:52 [TRACE] Graph after step *terraform.MissingProvisionerTransformer:

kong_api_plugin.jwt1 - *terraform.GraphNodeConfigResource
  provider.kong - *terraform.GraphNodeConfigProvider
provider.kong - *terraform.GraphNodeConfigProvider
2016/09/05 00:54:52 [TRACE] Graph after step *terraform.ProvisionerTransformer:

kong_api_plugin.jwt1 - *terraform.GraphNodeConfigResource
  provider.kong - *terraform.GraphNodeConfigProvider
provider.kong - *terraform.GraphNodeConfigProvider
2016/09/05 00:54:52 [TRACE] Graph after step *terraform.VertexTransformer:

kong_api_plugin.jwt1 - *terraform.GraphNodeConfigResource
  provider.kong - *terraform.GraphNodeConfigProvider
provider.kong - *terraform.GraphNodeConfigProvider
2016/09/05 00:54:52 [TRACE] Graph after step *terraform.FlattenTransformer:

kong_api_plugin.jwt1 - *terraform.GraphNodeConfigResource
  provider.kong - *terraform.GraphNodeConfigProvider
provider.kong - *terraform.GraphNodeConfigProvider
2016/09/05 00:54:52 [TRACE] Graph after step *terraform.ProxyTransformer:

kong_api_plugin.jwt1 - *terraform.GraphNodeConfigResource
  provider.kong - *terraform.GraphNodeConfigProvider
provider.kong - *terraform.GraphNodeConfigProvider
2016/09/05 00:54:52 [TRACE] Graph after step *terraform.TargetsTransformer:

kong_api_plugin.jwt1 - *terraform.GraphNodeConfigResource
  provider.kong - *terraform.GraphNodeConfigProvider
provider.kong - *terraform.GraphNodeConfigProvider
2016/09/05 00:54:52 [TRACE] Graph after step *terraform.PruneProviderTransformer:

kong_api_plugin.jwt1 - *terraform.GraphNodeConfigResource
  provider.kong - *terraform.GraphNodeConfigProvider
provider.kong - *terraform.GraphNodeConfigProvider
2016/09/05 00:54:52 [TRACE] Graph after step *terraform.DestroyTransformer:

kong_api_plugin.jwt1 - *terraform.GraphNodeConfigResource
  kong_api_plugin.jwt1 (destroy) - *terraform.graphNodeResourceDestroy
  provider.kong - *terraform.GraphNodeConfigProvider
kong_api_plugin.jwt1 (destroy) - *terraform.graphNodeResourceDestroy
  provider.kong - *terraform.GraphNodeConfigProvider
provider.kong - *terraform.GraphNodeConfigProvider
2016/09/05 00:54:52 [TRACE] Graph after step *terraform.CreateBeforeDestroyTransformer:

kong_api_plugin.jwt1 - *terraform.GraphNodeConfigResource
  kong_api_plugin.jwt1 (destroy) - *terraform.graphNodeResourceDestroy
  provider.kong - *terraform.GraphNodeConfigProvider
kong_api_plugin.jwt1 (destroy) - *terraform.graphNodeResourceDestroy
  provider.kong - *terraform.GraphNodeConfigProvider
provider.kong - *terraform.GraphNodeConfigProvider
2016/09/05 00:54:52 [TRACE] Graph after step *terraform.PruneDestroyTransformer:

kong_api_plugin.jwt1 - *terraform.GraphNodeConfigResource
  provider.kong - *terraform.GraphNodeConfigProvider
provider.kong - *terraform.GraphNodeConfigProvider
2016/09/05 00:54:52 [DEBUG] Checking resource noop: kong_api_plugin.jwt1
2016/09/05 00:54:52 [DEBUG] No diff, not a noop
2016/09/05 00:54:52 [TRACE] Graph after step *terraform.PruneNoopTransformer:

kong_api_plugin.jwt1 - *terraform.GraphNodeConfigResource
  provider.kong - *terraform.GraphNodeConfigProvider
provider.kong - *terraform.GraphNodeConfigProvider
2016/09/05 00:54:52 [TRACE] Graph after step *terraform.CloseProviderTransformer:

kong_api_plugin.jwt1 - *terraform.GraphNodeConfigResource
  provider.kong - *terraform.GraphNodeConfigProvider
provider.kong - *terraform.GraphNodeConfigProvider
provider.kong (close) - *terraform.graphNodeCloseProvider
  kong_api_plugin.jwt1 - *terraform.GraphNodeConfigResource
  provider.kong - *terraform.GraphNodeConfigProvider
2016/09/05 00:54:52 [TRACE] Graph after step *terraform.CloseProvisionerTransformer:

kong_api_plugin.jwt1 - *terraform.GraphNodeConfigResource
  provider.kong - *terraform.GraphNodeConfigProvider
provider.kong - *terraform.GraphNodeConfigProvider
provider.kong (close) - *terraform.graphNodeCloseProvider
  kong_api_plugin.jwt1 - *terraform.GraphNodeConfigResource
  provider.kong - *terraform.GraphNodeConfigProvider
2016/09/05 00:54:52 [TRACE] Graph after step *terraform.TransitiveReductionTransformer:

kong_api_plugin.jwt1 - *terraform.GraphNodeConfigResource
  provider.kong - *terraform.GraphNodeConfigProvider
provider.kong - *terraform.GraphNodeConfigProvider
provider.kong (close) - *terraform.graphNodeCloseProvider
  kong_api_plugin.jwt1 - *terraform.GraphNodeConfigResource
2016/09/05 00:54:52 [TRACE] Graph after step *terraform.RootTransformer:

kong_api_plugin.jwt1 - *terraform.GraphNodeConfigResource
  provider.kong - *terraform.GraphNodeConfigProvider
provider.kong - *terraform.GraphNodeConfigProvider
provider.kong (close) - *terraform.graphNodeCloseProvider
  kong_api_plugin.jwt1 - *terraform.GraphNodeConfigResource
2016/09/05 00:54:52 [DEBUG] Starting graph walk: walkInput
2016/09/05 00:54:52 [DEBUG] vertex root.provider.kong: walking
2016/09/05 00:54:52 [DEBUG] vertex root.provider.kong: evaluating
2016/09/05 00:54:52 [TRACE] [walkInput] Entering eval tree: provider.kong
2016/09/05 00:54:52 [DEBUG] root: eval: *terraform.EvalSequence
2016/09/05 00:54:52 [DEBUG] root: eval: *terraform.EvalInitProvider
2016/09/05 00:54:52 [DEBUG] plugin: starting plugin: /Users/martinivanov/Projects/go/src/github.com/martinivanov/terraform-provider-kong/terraform-provider-kong []string{"/Users/martinivanov/Projects/go/src/github.com/martinivanov/terraform-provider-kong/terraform-provider-kong"}
2016/09/05 00:54:52 [DEBUG] plugin: waiting for RPC address for: /Users/martinivanov/Projects/go/src/github.com/martinivanov/terraform-provider-kong/terraform-provider-kong
2016/09/05 00:54:52 [DEBUG] plugin: terraform-provider-kong: 2016/09/05 00:54:52 [DEBUG] plugin: plugin address: unix /var/folders/7c/973lwrps4s147136r6pnm59w0000gn/T/plugin874100672
2016/09/05 00:54:52 [DEBUG] root: eval: *terraform.EvalOpFilter
2016/09/05 00:54:52 [DEBUG] root: eval: *terraform.EvalSequence
2016/09/05 00:54:52 [DEBUG] root: eval: *terraform.EvalGetProvider
2016/09/05 00:54:52 [DEBUG] root: eval: *terraform.EvalInterpolate
2016/09/05 00:54:52 [DEBUG] root: eval: *terraform.EvalBuildProviderConfig
2016/09/05 00:54:52 [DEBUG] root: eval: *terraform.EvalInputProvider
2016/09/05 00:54:52 [DEBUG] root: eval: terraform.EvalNoop
2016/09/05 00:54:52 [DEBUG] root: eval: terraform.EvalNoop
2016/09/05 00:54:52 [DEBUG] root: eval: terraform.EvalNoop
2016/09/05 00:54:52 [TRACE] [walkInput] Exiting eval tree: provider.kong
2016/09/05 00:54:52 [DEBUG] vertex kong_api_plugin.jwt1, got dep: provider.kong
2016/09/05 00:54:52 [DEBUG] vertex root.kong_api_plugin.jwt1: walking
2016/09/05 00:54:52 [DEBUG] vertex root.kong_api_plugin.jwt1: evaluating
2016/09/05 00:54:52 [TRACE] [walkInput] Entering eval tree: kong_api_plugin.jwt1
2016/09/05 00:54:52 [DEBUG] root: eval: *terraform.EvalSequence
2016/09/05 00:54:52 [DEBUG] root: eval: *terraform.EvalInterpolate
2016/09/05 00:54:52 [DEBUG] root: eval: terraform.EvalNoop
2016/09/05 00:54:52 [DEBUG] root: eval: *terraform.EvalCountFixZeroOneBoundary
2016/09/05 00:54:52 [TRACE] [walkInput] Exiting eval tree: kong_api_plugin.jwt1
2016/09/05 00:54:52 [DEBUG] vertex root.kong_api_plugin.jwt1: expanding/walking dynamic subgraph
2016/09/05 00:54:52 [TRACE] Graph after step *terraform.ResourceCountTransformer:

kong_api_plugin.jwt1 - *terraform.graphNodeExpandedResource
2016/09/05 00:54:52 [TRACE] Graph after step *terraform.TargetsTransformer:

kong_api_plugin.jwt1 - *terraform.graphNodeExpandedResource
2016/09/05 00:54:52 [TRACE] Graph after step *terraform.RootTransformer:

kong_api_plugin.jwt1 - *terraform.graphNodeExpandedResource
2016/09/05 00:54:52 [DEBUG] vertex root.kong_api_plugin.jwt1: walking
2016/09/05 00:54:52 [DEBUG] vertex root.kong_api_plugin.jwt1: evaluating
2016/09/05 00:54:52 [TRACE] [walkInput] Entering eval tree: kong_api_plugin.jwt1
2016/09/05 00:54:52 [DEBUG] root: eval: *terraform.EvalSequence
2016/09/05 00:54:52 [DEBUG] root: eval: terraform.EvalNoop
2016/09/05 00:54:52 [DEBUG] root: eval: *terraform.EvalInstanceInfo
2016/09/05 00:54:52 [DEBUG] root: eval: terraform.EvalNoop
2016/09/05 00:54:52 [DEBUG] root: eval: terraform.EvalNoop
2016/09/05 00:54:52 [DEBUG] root: eval: terraform.EvalNoop
2016/09/05 00:54:52 [DEBUG] root: eval: terraform.EvalNoop
2016/09/05 00:54:52 [TRACE] [walkInput] Exiting eval tree: kong_api_plugin.jwt1
2016/09/05 00:54:52 [DEBUG] vertex provider.kong (close), got dep: kong_api_plugin.jwt1
2016/09/05 00:54:52 [DEBUG] vertex root.provider.kong (close): walking
2016/09/05 00:54:52 [DEBUG] vertex root.provider.kong (close): evaluating
2016/09/05 00:54:52 [TRACE] [walkInput] Entering eval tree: provider.kong (close)
2016/09/05 00:54:52 [DEBUG] root: eval: *terraform.EvalCloseProvider
2016/09/05 00:54:52 [TRACE] [walkInput] Exiting eval tree: provider.kong (close)
2016/09/05 00:54:52 [TRACE] Graph after step *terraform.ConfigTransformer:

kong_api_plugin.jwt1 - *terraform.GraphNodeConfigResource
provider.kong - *terraform.GraphNodeConfigProvider
2016/09/05 00:54:52 [TRACE] Graph after step *terraform.OrphanTransformer:

kong_api_plugin.jwt1 - *terraform.GraphNodeConfigResource
provider.kong - *terraform.GraphNodeConfigProvider
2016/09/05 00:54:52 [TRACE] Graph after step *terraform.AddOutputOrphanTransformer:

kong_api_plugin.jwt1 - *terraform.GraphNodeConfigResource
provider.kong - *terraform.GraphNodeConfigProvider
2016/09/05 00:54:52 [TRACE] Graph after step *terraform.MissingProviderTransformer:

kong_api_plugin.jwt1 - *terraform.GraphNodeConfigResource
provider.kong - *terraform.GraphNodeConfigProvider
2016/09/05 00:54:52 [TRACE] Graph after step *terraform.ProviderTransformer:

kong_api_plugin.jwt1 - *terraform.GraphNodeConfigResource
  provider.kong - *terraform.GraphNodeConfigProvider
provider.kong - *terraform.GraphNodeConfigProvider
2016/09/05 00:54:52 [TRACE] Graph after step *terraform.DisableProviderTransformer:

kong_api_plugin.jwt1 - *terraform.GraphNodeConfigResource
  provider.kong - *terraform.GraphNodeConfigProvider
provider.kong - *terraform.GraphNodeConfigProvider
2016/09/05 00:54:52 [TRACE] Graph after step *terraform.MissingProvisionerTransformer:

kong_api_plugin.jwt1 - *terraform.GraphNodeConfigResource
  provider.kong - *terraform.GraphNodeConfigProvider
provider.kong - *terraform.GraphNodeConfigProvider
2016/09/05 00:54:52 [TRACE] Graph after step *terraform.ProvisionerTransformer:

kong_api_plugin.jwt1 - *terraform.GraphNodeConfigResource
  provider.kong - *terraform.GraphNodeConfigProvider
provider.kong - *terraform.GraphNodeConfigProvider
2016/09/05 00:54:52 [TRACE] Graph after step *terraform.VertexTransformer:

kong_api_plugin.jwt1 - *terraform.GraphNodeConfigResource
  provider.kong - *terraform.GraphNodeConfigProvider
provider.kong - *terraform.GraphNodeConfigProvider
2016/09/05 00:54:52 [TRACE] Graph after step *terraform.FlattenTransformer:

kong_api_plugin.jwt1 - *terraform.GraphNodeConfigResource
  provider.kong - *terraform.GraphNodeConfigProvider
provider.kong - *terraform.GraphNodeConfigProvider
2016/09/05 00:54:52 [TRACE] Graph after step *terraform.ProxyTransformer:

kong_api_plugin.jwt1 - *terraform.GraphNodeConfigResource
  provider.kong - *terraform.GraphNodeConfigProvider
provider.kong - *terraform.GraphNodeConfigProvider
2016/09/05 00:54:52 [TRACE] Graph after step *terraform.TargetsTransformer:

kong_api_plugin.jwt1 - *terraform.GraphNodeConfigResource
  provider.kong - *terraform.GraphNodeConfigProvider
provider.kong - *terraform.GraphNodeConfigProvider
2016/09/05 00:54:52 [TRACE] Graph after step *terraform.PruneProviderTransformer:

kong_api_plugin.jwt1 - *terraform.GraphNodeConfigResource
  provider.kong - *terraform.GraphNodeConfigProvider
provider.kong - *terraform.GraphNodeConfigProvider
2016/09/05 00:54:52 [TRACE] Graph after step *terraform.DestroyTransformer:

kong_api_plugin.jwt1 - *terraform.GraphNodeConfigResource
  kong_api_plugin.jwt1 (destroy) - *terraform.graphNodeResourceDestroy
  provider.kong - *terraform.GraphNodeConfigProvider
kong_api_plugin.jwt1 (destroy) - *terraform.graphNodeResourceDestroy
  provider.kong - *terraform.GraphNodeConfigProvider
provider.kong - *terraform.GraphNodeConfigProvider
2016/09/05 00:54:52 [TRACE] Graph after step *terraform.CreateBeforeDestroyTransformer:

kong_api_plugin.jwt1 - *terraform.GraphNodeConfigResource
  kong_api_plugin.jwt1 (destroy) - *terraform.graphNodeResourceDestroy
  provider.kong - *terraform.GraphNodeConfigProvider
kong_api_plugin.jwt1 (destroy) - *terraform.graphNodeResourceDestroy
  provider.kong - *terraform.GraphNodeConfigProvider
provider.kong - *terraform.GraphNodeConfigProvider
2016/09/05 00:54:52 [TRACE] Graph after step *terraform.PruneDestroyTransformer:

kong_api_plugin.jwt1 - *terraform.GraphNodeConfigResource
  provider.kong - *terraform.GraphNodeConfigProvider
provider.kong - *terraform.GraphNodeConfigProvider
2016/09/05 00:54:52 [DEBUG] Checking resource noop: kong_api_plugin.jwt1
2016/09/05 00:54:52 [DEBUG] No diff, not a noop
2016/09/05 00:54:52 [TRACE] Graph after step *terraform.PruneNoopTransformer:

kong_api_plugin.jwt1 - *terraform.GraphNodeConfigResource
  provider.kong - *terraform.GraphNodeConfigProvider
provider.kong - *terraform.GraphNodeConfigProvider
2016/09/05 00:54:52 [TRACE] Graph after step *terraform.CloseProviderTransformer:

kong_api_plugin.jwt1 - *terraform.GraphNodeConfigResource
  provider.kong - *terraform.GraphNodeConfigProvider
provider.kong - *terraform.GraphNodeConfigProvider
provider.kong (close) - *terraform.graphNodeCloseProvider
  kong_api_plugin.jwt1 - *terraform.GraphNodeConfigResource
  provider.kong - *terraform.GraphNodeConfigProvider
2016/09/05 00:54:52 [TRACE] Graph after step *terraform.CloseProvisionerTransformer:

kong_api_plugin.jwt1 - *terraform.GraphNodeConfigResource
  provider.kong - *terraform.GraphNodeConfigProvider
provider.kong - *terraform.GraphNodeConfigProvider
provider.kong (close) - *terraform.graphNodeCloseProvider
  kong_api_plugin.jwt1 - *terraform.GraphNodeConfigResource
  provider.kong - *terraform.GraphNodeConfigProvider
2016/09/05 00:54:52 [TRACE] Graph after step *terraform.TransitiveReductionTransformer:

kong_api_plugin.jwt1 - *terraform.GraphNodeConfigResource
  provider.kong - *terraform.GraphNodeConfigProvider
provider.kong - *terraform.GraphNodeConfigProvider
provider.kong (close) - *terraform.graphNodeCloseProvider
  kong_api_plugin.jwt1 - *terraform.GraphNodeConfigResource
2016/09/05 00:54:52 [TRACE] Graph after step *terraform.RootTransformer:

kong_api_plugin.jwt1 - *terraform.GraphNodeConfigResource
  provider.kong - *terraform.GraphNodeConfigProvider
provider.kong - *terraform.GraphNodeConfigProvider
provider.kong (close) - *terraform.graphNodeCloseProvider
  kong_api_plugin.jwt1 - *terraform.GraphNodeConfigResource
2016/09/05 00:54:52 [DEBUG] Starting graph walk: walkValidate
2016/09/05 00:54:52 [DEBUG] vertex root.provider.kong: walking
2016/09/05 00:54:52 [DEBUG] vertex root.provider.kong: evaluating
2016/09/05 00:54:52 [TRACE] [walkValidate] Entering eval tree: provider.kong
2016/09/05 00:54:52 [DEBUG] root: eval: *terraform.EvalSequence
2016/09/05 00:54:52 [DEBUG] root: eval: *terraform.EvalInitProvider
2016/09/05 00:54:52 [DEBUG] root: eval: terraform.EvalNoop
2016/09/05 00:54:52 [DEBUG] root: eval: *terraform.EvalOpFilter
2016/09/05 00:54:52 [DEBUG] root: eval: *terraform.EvalSequence
2016/09/05 00:54:52 [DEBUG] root: eval: *terraform.EvalGetProvider
2016/09/05 00:54:52 [DEBUG] root: eval: *terraform.EvalInterpolate
2016/09/05 00:54:52 [DEBUG] root: eval: *terraform.EvalBuildProviderConfig
2016/09/05 00:54:52 [DEBUG] root: eval: *terraform.EvalValidateProvider
2016/09/05 00:54:52 [DEBUG] root: eval: *terraform.EvalSetProviderConfig
2016/09/05 00:54:52 [DEBUG] root: eval: terraform.EvalNoop
2016/09/05 00:54:52 [DEBUG] root: eval: terraform.EvalNoop
2016/09/05 00:54:52 [TRACE] [walkValidate] Exiting eval tree: provider.kong
2016/09/05 00:54:52 [DEBUG] vertex kong_api_plugin.jwt1, got dep: provider.kong
2016/09/05 00:54:52 [DEBUG] vertex root.kong_api_plugin.jwt1: walking
2016/09/05 00:54:52 [DEBUG] vertex root.kong_api_plugin.jwt1: evaluating
2016/09/05 00:54:52 [TRACE] [walkValidate] Entering eval tree: kong_api_plugin.jwt1
2016/09/05 00:54:52 [DEBUG] root: eval: *terraform.EvalSequence
2016/09/05 00:54:52 [DEBUG] root: eval: *terraform.EvalInterpolate
2016/09/05 00:54:52 [DEBUG] root: eval: *terraform.EvalOpFilter
2016/09/05 00:54:52 [DEBUG] root: eval: *terraform.EvalValidateCount
2016/09/05 00:54:52 [DEBUG] root: eval: *terraform.EvalCountFixZeroOneBoundary
2016/09/05 00:54:52 [TRACE] [walkValidate] Exiting eval tree: kong_api_plugin.jwt1
2016/09/05 00:54:52 [DEBUG] vertex root.kong_api_plugin.jwt1: expanding/walking dynamic subgraph
2016/09/05 00:54:52 [TRACE] Graph after step *terraform.ResourceCountTransformer:

kong_api_plugin.jwt1 - *terraform.graphNodeExpandedResource
2016/09/05 00:54:52 [TRACE] Graph after step *terraform.TargetsTransformer:

kong_api_plugin.jwt1 - *terraform.graphNodeExpandedResource
2016/09/05 00:54:52 [TRACE] Graph after step *terraform.RootTransformer:

kong_api_plugin.jwt1 - *terraform.graphNodeExpandedResource
2016/09/05 00:54:52 [DEBUG] vertex root.kong_api_plugin.jwt1: walking
2016/09/05 00:54:52 [DEBUG] vertex root.kong_api_plugin.jwt1: evaluating
2016/09/05 00:54:52 [TRACE] [walkValidate] Entering eval tree: kong_api_plugin.jwt1
2016/09/05 00:54:52 [DEBUG] root: eval: *terraform.EvalSequence
2016/09/05 00:54:52 [DEBUG] root: eval: *terraform.EvalOpFilter
2016/09/05 00:54:52 [DEBUG] root: eval: *terraform.EvalSequence
2016/09/05 00:54:52 [DEBUG] root: eval: *terraform.EvalGetProvider
2016/09/05 00:54:52 [DEBUG] root: eval: *terraform.EvalInterpolate
2016/09/05 00:54:52 [DEBUG] root: eval: *terraform.EvalValidateResource
2016/09/05 00:54:52 [DEBUG] root: eval: *terraform.EvalInstanceInfo
2016/09/05 00:54:52 [DEBUG] root: eval: terraform.EvalNoop
2016/09/05 00:54:52 [DEBUG] root: eval: terraform.EvalNoop
2016/09/05 00:54:52 [DEBUG] root: eval: terraform.EvalNoop
2016/09/05 00:54:52 [DEBUG] root: eval: terraform.EvalNoop
2016/09/05 00:54:52 [TRACE] [walkValidate] Exiting eval tree: kong_api_plugin.jwt1
2016/09/05 00:54:52 [DEBUG] vertex provider.kong (close), got dep: kong_api_plugin.jwt1
2016/09/05 00:54:52 [DEBUG] vertex root.provider.kong (close): walking
2016/09/05 00:54:52 [DEBUG] vertex root.provider.kong (close): evaluating
2016/09/05 00:54:52 [TRACE] [walkValidate] Entering eval tree: provider.kong (close)
2016/09/05 00:54:52 [DEBUG] root: eval: *terraform.EvalCloseProvider
2016/09/05 00:54:52 [TRACE] [walkValidate] Exiting eval tree: provider.kong (close)
2016/09/05 00:54:52 [TRACE] Graph after step *terraform.ConfigTransformer:

kong_api_plugin.jwt1 - *terraform.GraphNodeConfigResource
provider.kong - *terraform.GraphNodeConfigProvider
2016/09/05 00:54:52 [TRACE] Graph after step *terraform.OrphanTransformer:

kong_api_plugin.jwt1 - *terraform.GraphNodeConfigResource
provider.kong - *terraform.GraphNodeConfigProvider
2016/09/05 00:54:52 [TRACE] Graph after step *terraform.AddOutputOrphanTransformer:

kong_api_plugin.jwt1 - *terraform.GraphNodeConfigResource
provider.kong - *terraform.GraphNodeConfigProvider
2016/09/05 00:54:52 [TRACE] Graph after step *terraform.MissingProviderTransformer:

kong_api_plugin.jwt1 - *terraform.GraphNodeConfigResource
provider.kong - *terraform.GraphNodeConfigProvider
2016/09/05 00:54:52 [TRACE] Graph after step *terraform.ProviderTransformer:

kong_api_plugin.jwt1 - *terraform.GraphNodeConfigResource
  provider.kong - *terraform.GraphNodeConfigProvider
provider.kong - *terraform.GraphNodeConfigProvider
2016/09/05 00:54:52 [TRACE] Graph after step *terraform.DisableProviderTransformer:

kong_api_plugin.jwt1 - *terraform.GraphNodeConfigResource
  provider.kong - *terraform.GraphNodeConfigProvider
provider.kong - *terraform.GraphNodeConfigProvider
2016/09/05 00:54:52 [TRACE] Graph after step *terraform.MissingProvisionerTransformer:

kong_api_plugin.jwt1 - *terraform.GraphNodeConfigResource
  provider.kong - *terraform.GraphNodeConfigProvider
provider.kong - *terraform.GraphNodeConfigProvider
2016/09/05 00:54:52 [TRACE] Graph after step *terraform.ProvisionerTransformer:

kong_api_plugin.jwt1 - *terraform.GraphNodeConfigResource
  provider.kong - *terraform.GraphNodeConfigProvider
provider.kong - *terraform.GraphNodeConfigProvider
2016/09/05 00:54:52 [TRACE] Graph after step *terraform.VertexTransformer:

kong_api_plugin.jwt1 - *terraform.GraphNodeConfigResource
  provider.kong - *terraform.GraphNodeConfigProvider
provider.kong - *terraform.GraphNodeConfigProvider
2016/09/05 00:54:52 [TRACE] Graph after step *terraform.FlattenTransformer:

kong_api_plugin.jwt1 - *terraform.GraphNodeConfigResource
  provider.kong - *terraform.GraphNodeConfigProvider
provider.kong - *terraform.GraphNodeConfigProvider
2016/09/05 00:54:52 [TRACE] Graph after step *terraform.ProxyTransformer:

kong_api_plugin.jwt1 - *terraform.GraphNodeConfigResource
  provider.kong - *terraform.GraphNodeConfigProvider
provider.kong - *terraform.GraphNodeConfigProvider
2016/09/05 00:54:52 [TRACE] Graph after step *terraform.TargetsTransformer:

kong_api_plugin.jwt1 - *terraform.GraphNodeConfigResource
  provider.kong - *terraform.GraphNodeConfigProvider
provider.kong - *terraform.GraphNodeConfigProvider
2016/09/05 00:54:52 [TRACE] Graph after step *terraform.PruneProviderTransformer:

kong_api_plugin.jwt1 - *terraform.GraphNodeConfigResource
  provider.kong - *terraform.GraphNodeConfigProvider
provider.kong - *terraform.GraphNodeConfigProvider
2016/09/05 00:54:52 [TRACE] Graph after step *terraform.DestroyTransformer:

kong_api_plugin.jwt1 - *terraform.GraphNodeConfigResource
  kong_api_plugin.jwt1 (destroy) - *terraform.graphNodeResourceDestroy
  provider.kong - *terraform.GraphNodeConfigProvider
kong_api_plugin.jwt1 (destroy) - *terraform.graphNodeResourceDestroy
  provider.kong - *terraform.GraphNodeConfigProvider
provider.kong - *terraform.GraphNodeConfigProvider
2016/09/05 00:54:52 [TRACE] Graph after step *terraform.CreateBeforeDestroyTransformer:

kong_api_plugin.jwt1 - *terraform.GraphNodeConfigResource
  kong_api_plugin.jwt1 (destroy) - *terraform.graphNodeResourceDestroy
  provider.kong - *terraform.GraphNodeConfigProvider
kong_api_plugin.jwt1 (destroy) - *terraform.graphNodeResourceDestroy
  provider.kong - *terraform.GraphNodeConfigProvider
provider.kong - *terraform.GraphNodeConfigProvider
2016/09/05 00:54:52 [TRACE] Graph after step *terraform.PruneDestroyTransformer:

kong_api_plugin.jwt1 - *terraform.GraphNodeConfigResource
  provider.kong - *terraform.GraphNodeConfigProvider
provider.kong - *terraform.GraphNodeConfigProvider
2016/09/05 00:54:52 [DEBUG] Checking resource noop: kong_api_plugin.jwt1
2016/09/05 00:54:52 [DEBUG] No diff, not a noop
2016/09/05 00:54:52 [TRACE] Graph after step *terraform.PruneNoopTransformer:

kong_api_plugin.jwt1 - *terraform.GraphNodeConfigResource
  provider.kong - *terraform.GraphNodeConfigProvider
provider.kong - *terraform.GraphNodeConfigProvider
2016/09/05 00:54:52 [TRACE] Graph after step *terraform.CloseProviderTransformer:

kong_api_plugin.jwt1 - *terraform.GraphNodeConfigResource
  provider.kong - *terraform.GraphNodeConfigProvider
provider.kong - *terraform.GraphNodeConfigProvider
provider.kong (close) - *terraform.graphNodeCloseProvider
  kong_api_plugin.jwt1 - *terraform.GraphNodeConfigResource
  provider.kong - *terraform.GraphNodeConfigProvider
2016/09/05 00:54:52 [TRACE] Graph after step *terraform.CloseProvisionerTransformer:

kong_api_plugin.jwt1 - *terraform.GraphNodeConfigResource
  provider.kong - *terraform.GraphNodeConfigProvider
provider.kong - *terraform.GraphNodeConfigProvider
provider.kong (close) - *terraform.graphNodeCloseProvider
  kong_api_plugin.jwt1 - *terraform.GraphNodeConfigResource
  provider.kong - *terraform.GraphNodeConfigProvider
2016/09/05 00:54:52 [TRACE] Graph after step *terraform.TransitiveReductionTransformer:

kong_api_plugin.jwt1 - *terraform.GraphNodeConfigResource
  provider.kong - *terraform.GraphNodeConfigProvider
provider.kong - *terraform.GraphNodeConfigProvider
provider.kong (close) - *terraform.graphNodeCloseProvider
  kong_api_plugin.jwt1 - *terraform.GraphNodeConfigResource
2016/09/05 00:54:52 [TRACE] Graph after step *terraform.RootTransformer:

kong_api_plugin.jwt1 - *terraform.GraphNodeConfigResource
  provider.kong - *terraform.GraphNodeConfigProvider
provider.kong - *terraform.GraphNodeConfigProvider
provider.kong (close) - *terraform.graphNodeCloseProvider
  kong_api_plugin.jwt1 - *terraform.GraphNodeConfigResource
2016/09/05 00:54:52 [DEBUG] Starting graph walk: walkRefresh
2016/09/05 00:54:52 [DEBUG] vertex root.provider.kong: walking
2016/09/05 00:54:52 [DEBUG] vertex root.provider.kong: evaluating
2016/09/05 00:54:52 [TRACE] [walkRefresh] Entering eval tree: provider.kong
2016/09/05 00:54:52 [DEBUG] root: eval: *terraform.EvalSequence
2016/09/05 00:54:52 [DEBUG] root: eval: *terraform.EvalInitProvider
2016/09/05 00:54:52 [DEBUG] root: eval: terraform.EvalNoop
2016/09/05 00:54:52 [DEBUG] root: eval: terraform.EvalNoop
2016/09/05 00:54:52 [DEBUG] root: eval: *terraform.EvalOpFilter
2016/09/05 00:54:52 [DEBUG] root: eval: *terraform.EvalSequence
2016/09/05 00:54:52 [DEBUG] root: eval: *terraform.EvalGetProvider
2016/09/05 00:54:52 [DEBUG] root: eval: *terraform.EvalInterpolate
2016/09/05 00:54:52 [DEBUG] root: eval: *terraform.EvalBuildProviderConfig
2016/09/05 00:54:52 [DEBUG] root: eval: *terraform.EvalSetProviderConfig
2016/09/05 00:54:52 [DEBUG] root: eval: *terraform.EvalOpFilter
2016/09/05 00:54:52 [DEBUG] root: eval: *terraform.EvalSequence
2016/09/05 00:54:52 [DEBUG] root: eval: *terraform.EvalConfigProvider
2016/09/05 00:54:52 [TRACE] [walkRefresh] Exiting eval tree: provider.kong
2016/09/05 00:54:52 [DEBUG] vertex kong_api_plugin.jwt1, got dep: provider.kong
2016/09/05 00:54:52 [DEBUG] vertex root.kong_api_plugin.jwt1: walking
2016/09/05 00:54:52 [DEBUG] vertex root.kong_api_plugin.jwt1: evaluating
2016/09/05 00:54:52 [TRACE] [walkRefresh] Entering eval tree: kong_api_plugin.jwt1
2016/09/05 00:54:52 [DEBUG] root: eval: *terraform.EvalSequence
2016/09/05 00:54:52 [DEBUG] root: eval: *terraform.EvalInterpolate
2016/09/05 00:54:52 [DEBUG] root: eval: terraform.EvalNoop
2016/09/05 00:54:52 [DEBUG] root: eval: *terraform.EvalCountFixZeroOneBoundary
2016/09/05 00:54:52 [TRACE] [walkRefresh] Exiting eval tree: kong_api_plugin.jwt1
2016/09/05 00:54:52 [DEBUG] vertex root.kong_api_plugin.jwt1: expanding/walking dynamic subgraph
2016/09/05 00:54:52 [TRACE] Graph after step *terraform.ResourceCountTransformer:

kong_api_plugin.jwt1 - *terraform.graphNodeExpandedResource
2016/09/05 00:54:52 [TRACE] Graph after step *terraform.TargetsTransformer:

kong_api_plugin.jwt1 - *terraform.graphNodeExpandedResource
2016/09/05 00:54:52 [TRACE] Graph after step *terraform.RootTransformer:

kong_api_plugin.jwt1 - *terraform.graphNodeExpandedResource
2016/09/05 00:54:52 [DEBUG] vertex root.kong_api_plugin.jwt1: walking
2016/09/05 00:54:52 [DEBUG] vertex root.kong_api_plugin.jwt1: evaluating
2016/09/05 00:54:52 [TRACE] [walkRefresh] Entering eval tree: kong_api_plugin.jwt1
2016/09/05 00:54:52 [DEBUG] root: eval: *terraform.EvalSequence
2016/09/05 00:54:52 [DEBUG] root: eval: terraform.EvalNoop
2016/09/05 00:54:52 [DEBUG] root: eval: *terraform.EvalInstanceInfo
2016/09/05 00:54:52 [DEBUG] root: eval: *terraform.EvalOpFilter
2016/09/05 00:54:52 [DEBUG] root: eval: *terraform.EvalSequence
2016/09/05 00:54:52 [DEBUG] root: eval: *terraform.EvalGetProvider
2016/09/05 00:54:52 [DEBUG] root: eval: *terraform.EvalReadState
2016/09/05 00:54:52 [DEBUG] root: eval: *terraform.EvalRefresh
2016/09/05 00:54:52 [DEBUG] refresh: kong_api_plugin.jwt1: no state, not refreshing
2016/09/05 00:54:52 [DEBUG] root: eval: *terraform.EvalWriteState
2016/09/05 00:54:52 [DEBUG] root: eval: terraform.EvalNoop
2016/09/05 00:54:52 [DEBUG] root: eval: terraform.EvalNoop
2016/09/05 00:54:52 [DEBUG] root: eval: terraform.EvalNoop
2016/09/05 00:54:52 [TRACE] [walkRefresh] Exiting eval tree: kong_api_plugin.jwt1
2016/09/05 00:54:52 [DEBUG] vertex provider.kong (close), got dep: kong_api_plugin.jwt1
2016/09/05 00:54:52 [DEBUG] vertex root.provider.kong (close): walking
2016/09/05 00:54:52 [DEBUG] vertex root.provider.kong (close): evaluating
2016/09/05 00:54:52 [TRACE] [walkRefresh] Entering eval tree: provider.kong (close)
2016/09/05 00:54:52 [DEBUG] root: eval: *terraform.EvalCloseProvider
2016/09/05 00:54:52 [TRACE] [walkRefresh] Exiting eval tree: provider.kong (close)
2016/09/05 00:54:52 [TRACE] Graph after step *terraform.ConfigTransformer:

kong_api_plugin.jwt1 - *terraform.GraphNodeConfigResource
provider.kong - *terraform.GraphNodeConfigProvider
2016/09/05 00:54:52 [TRACE] Graph after step *terraform.OrphanTransformer:

kong_api_plugin.jwt1 - *terraform.GraphNodeConfigResource
provider.kong - *terraform.GraphNodeConfigProvider
2016/09/05 00:54:52 [TRACE] Graph after step *terraform.AddOutputOrphanTransformer:

kong_api_plugin.jwt1 - *terraform.GraphNodeConfigResource
provider.kong - *terraform.GraphNodeConfigProvider
2016/09/05 00:54:52 [TRACE] Graph after step *terraform.MissingProviderTransformer:

kong_api_plugin.jwt1 - *terraform.GraphNodeConfigResource
provider.kong - *terraform.GraphNodeConfigProvider
2016/09/05 00:54:52 [TRACE] Graph after step *terraform.ProviderTransformer:

kong_api_plugin.jwt1 - *terraform.GraphNodeConfigResource
  provider.kong - *terraform.GraphNodeConfigProvider
provider.kong - *terraform.GraphNodeConfigProvider
2016/09/05 00:54:52 [TRACE] Graph after step *terraform.DisableProviderTransformer:

kong_api_plugin.jwt1 - *terraform.GraphNodeConfigResource
  provider.kong - *terraform.GraphNodeConfigProvider
provider.kong - *terraform.GraphNodeConfigProvider
2016/09/05 00:54:52 [TRACE] Graph after step *terraform.MissingProvisionerTransformer:

kong_api_plugin.jwt1 - *terraform.GraphNodeConfigResource
  provider.kong - *terraform.GraphNodeConfigProvider
provider.kong - *terraform.GraphNodeConfigProvider
2016/09/05 00:54:52 [TRACE] Graph after step *terraform.ProvisionerTransformer:

kong_api_plugin.jwt1 - *terraform.GraphNodeConfigResource
  provider.kong - *terraform.GraphNodeConfigProvider
provider.kong - *terraform.GraphNodeConfigProvider
2016/09/05 00:54:52 [TRACE] Graph after step *terraform.VertexTransformer:

kong_api_plugin.jwt1 - *terraform.GraphNodeConfigResource
  provider.kong - *terraform.GraphNodeConfigProvider
provider.kong - *terraform.GraphNodeConfigProvider
2016/09/05 00:54:52 [TRACE] Graph after step *terraform.FlattenTransformer:

kong_api_plugin.jwt1 - *terraform.GraphNodeConfigResource
  provider.kong - *terraform.GraphNodeConfigProvider
provider.kong - *terraform.GraphNodeConfigProvider
2016/09/05 00:54:52 [TRACE] Graph after step *terraform.ProxyTransformer:

kong_api_plugin.jwt1 - *terraform.GraphNodeConfigResource
  provider.kong - *terraform.GraphNodeConfigProvider
provider.kong - *terraform.GraphNodeConfigProvider
2016/09/05 00:54:52 [TRACE] Graph after step *terraform.TargetsTransformer:

kong_api_plugin.jwt1 - *terraform.GraphNodeConfigResource
  provider.kong - *terraform.GraphNodeConfigProvider
provider.kong - *terraform.GraphNodeConfigProvider
2016/09/05 00:54:52 [TRACE] Graph after step *terraform.PruneProviderTransformer:

kong_api_plugin.jwt1 - *terraform.GraphNodeConfigResource
  provider.kong - *terraform.GraphNodeConfigProvider
provider.kong - *terraform.GraphNodeConfigProvider
2016/09/05 00:54:52 [TRACE] Graph after step *terraform.DestroyTransformer:

kong_api_plugin.jwt1 - *terraform.GraphNodeConfigResource
  kong_api_plugin.jwt1 (destroy) - *terraform.graphNodeResourceDestroy
  provider.kong - *terraform.GraphNodeConfigProvider
kong_api_plugin.jwt1 (destroy) - *terraform.graphNodeResourceDestroy
  provider.kong - *terraform.GraphNodeConfigProvider
provider.kong - *terraform.GraphNodeConfigProvider
2016/09/05 00:54:52 [TRACE] Graph after step *terraform.CreateBeforeDestroyTransformer:

kong_api_plugin.jwt1 - *terraform.GraphNodeConfigResource
  kong_api_plugin.jwt1 (destroy) - *terraform.graphNodeResourceDestroy
  provider.kong - *terraform.GraphNodeConfigProvider
kong_api_plugin.jwt1 (destroy) - *terraform.graphNodeResourceDestroy
  provider.kong - *terraform.GraphNodeConfigProvider
provider.kong - *terraform.GraphNodeConfigProvider
2016/09/05 00:54:52 [TRACE] Graph after step *terraform.PruneDestroyTransformer:

kong_api_plugin.jwt1 - *terraform.GraphNodeConfigResource
  provider.kong - *terraform.GraphNodeConfigProvider
provider.kong - *terraform.GraphNodeConfigProvider
2016/09/05 00:54:52 [DEBUG] Checking resource noop: kong_api_plugin.jwt1
2016/09/05 00:54:52 [DEBUG] No diff, not a noop
2016/09/05 00:54:52 [TRACE] Graph after step *terraform.PruneNoopTransformer:

kong_api_plugin.jwt1 - *terraform.GraphNodeConfigResource
  provider.kong - *terraform.GraphNodeConfigProvider
provider.kong - *terraform.GraphNodeConfigProvider
2016/09/05 00:54:52 [TRACE] Graph after step *terraform.CloseProviderTransformer:

kong_api_plugin.jwt1 - *terraform.GraphNodeConfigResource
  provider.kong - *terraform.GraphNodeConfigProvider
provider.kong - *terraform.GraphNodeConfigProvider
provider.kong (close) - *terraform.graphNodeCloseProvider
  kong_api_plugin.jwt1 - *terraform.GraphNodeConfigResource
  provider.kong - *terraform.GraphNodeConfigProvider
2016/09/05 00:54:52 [TRACE] Graph after step *terraform.CloseProvisionerTransformer:

kong_api_plugin.jwt1 - *terraform.GraphNodeConfigResource
  provider.kong - *terraform.GraphNodeConfigProvider
provider.kong - *terraform.GraphNodeConfigProvider
provider.kong (close) - *terraform.graphNodeCloseProvider
  kong_api_plugin.jwt1 - *terraform.GraphNodeConfigResource
  provider.kong - *terraform.GraphNodeConfigProvider
2016/09/05 00:54:52 [TRACE] Graph after step *terraform.TransitiveReductionTransformer:

kong_api_plugin.jwt1 - *terraform.GraphNodeConfigResource
  provider.kong - *terraform.GraphNodeConfigProvider
provider.kong - *terraform.GraphNodeConfigProvider
provider.kong (close) - *terraform.graphNodeCloseProvider
  kong_api_plugin.jwt1 - *terraform.GraphNodeConfigResource
2016/09/05 00:54:52 [TRACE] Graph after step *terraform.RootTransformer:

kong_api_plugin.jwt1 - *terraform.GraphNodeConfigResource
  provider.kong - *terraform.GraphNodeConfigProvider
provider.kong - *terraform.GraphNodeConfigProvider
provider.kong (close) - *terraform.graphNodeCloseProvider
  kong_api_plugin.jwt1 - *terraform.GraphNodeConfigResource
2016/09/05 00:54:52 [DEBUG] Starting graph walk: walkPlan
2016/09/05 00:54:52 [DEBUG] vertex root.provider.kong: walking
2016/09/05 00:54:52 [DEBUG] vertex root.provider.kong: evaluating
2016/09/05 00:54:52 [TRACE] [walkPlan] Entering eval tree: provider.kong
2016/09/05 00:54:52 [DEBUG] root: eval: *terraform.EvalSequence
2016/09/05 00:54:52 [DEBUG] root: eval: *terraform.EvalInitProvider
2016/09/05 00:54:52 [DEBUG] root: eval: terraform.EvalNoop
2016/09/05 00:54:52 [DEBUG] root: eval: terraform.EvalNoop
2016/09/05 00:54:52 [DEBUG] root: eval: *terraform.EvalOpFilter
2016/09/05 00:54:52 [DEBUG] root: eval: *terraform.EvalSequence
2016/09/05 00:54:52 [DEBUG] root: eval: *terraform.EvalGetProvider
2016/09/05 00:54:52 [DEBUG] root: eval: *terraform.EvalInterpolate
2016/09/05 00:54:52 [DEBUG] root: eval: *terraform.EvalBuildProviderConfig
2016/09/05 00:54:52 [DEBUG] root: eval: *terraform.EvalSetProviderConfig
2016/09/05 00:54:52 [DEBUG] root: eval: *terraform.EvalOpFilter
2016/09/05 00:54:52 [DEBUG] root: eval: *terraform.EvalSequence
2016/09/05 00:54:52 [DEBUG] root: eval: *terraform.EvalConfigProvider
2016/09/05 00:54:52 [TRACE] [walkPlan] Exiting eval tree: provider.kong
2016/09/05 00:54:52 [DEBUG] vertex kong_api_plugin.jwt1, got dep: provider.kong
2016/09/05 00:54:52 [DEBUG] vertex root.kong_api_plugin.jwt1: walking
2016/09/05 00:54:52 [DEBUG] vertex root.kong_api_plugin.jwt1: evaluating
2016/09/05 00:54:52 [TRACE] [walkPlan] Entering eval tree: kong_api_plugin.jwt1
2016/09/05 00:54:52 [DEBUG] root: eval: *terraform.EvalSequence
2016/09/05 00:54:52 [DEBUG] root: eval: *terraform.EvalInterpolate
2016/09/05 00:54:52 [DEBUG] root: eval: terraform.EvalNoop
2016/09/05 00:54:52 [DEBUG] root: eval: *terraform.EvalCountFixZeroOneBoundary
2016/09/05 00:54:52 [TRACE] [walkPlan] Exiting eval tree: kong_api_plugin.jwt1
2016/09/05 00:54:52 [DEBUG] vertex root.kong_api_plugin.jwt1: expanding/walking dynamic subgraph
2016/09/05 00:54:52 [TRACE] Graph after step *terraform.ResourceCountTransformer:

kong_api_plugin.jwt1 - *terraform.graphNodeExpandedResource
2016/09/05 00:54:52 [TRACE] Graph after step *terraform.TargetsTransformer:

kong_api_plugin.jwt1 - *terraform.graphNodeExpandedResource
2016/09/05 00:54:52 [TRACE] Graph after step *terraform.RootTransformer:

kong_api_plugin.jwt1 - *terraform.graphNodeExpandedResource
2016/09/05 00:54:52 [DEBUG] vertex root.kong_api_plugin.jwt1: walking
2016/09/05 00:54:52 [DEBUG] vertex root.kong_api_plugin.jwt1: evaluating
2016/09/05 00:54:52 [TRACE] [walkPlan] Entering eval tree: kong_api_plugin.jwt1
2016/09/05 00:54:52 [DEBUG] root: eval: *terraform.EvalSequence
2016/09/05 00:54:52 [DEBUG] root: eval: terraform.EvalNoop
2016/09/05 00:54:52 [DEBUG] root: eval: *terraform.EvalInstanceInfo
2016/09/05 00:54:52 [DEBUG] root: eval: terraform.EvalNoop
2016/09/05 00:54:52 [DEBUG] root: eval: *terraform.EvalOpFilter
2016/09/05 00:54:52 [DEBUG] root: eval: *terraform.EvalSequence
2016/09/05 00:54:52 [DEBUG] root: eval: *terraform.EvalInterpolate
2016/09/05 00:54:52 [DEBUG] root: eval: *terraform.EvalGetProvider
2016/09/05 00:54:52 [DEBUG] root: eval: *terraform.EvalValidateResource
2016/09/05 00:54:52 [DEBUG] root: eval: *terraform.EvalReadState
2016/09/05 00:54:52 [DEBUG] root: eval: *terraform.EvalDiff
2016/09/05 00:54:52 [DEBUG] root: eval: *terraform.EvalCheckPreventDestroy
2016/09/05 00:54:52 [DEBUG] root: eval: *terraform.EvalWriteState
2016/09/05 00:54:52 [DEBUG] root: eval: *terraform.EvalWriteDiff
2016/09/05 00:54:52 [DEBUG] root: eval: terraform.EvalNoop
2016/09/05 00:54:52 [DEBUG] root: eval: terraform.EvalNoop
2016/09/05 00:54:52 [TRACE] [walkPlan] Exiting eval tree: kong_api_plugin.jwt1
2016/09/05 00:54:52 [DEBUG] vertex provider.kong (close), got dep: kong_api_plugin.jwt1
2016/09/05 00:54:52 [DEBUG] vertex root.provider.kong (close): walking
2016/09/05 00:54:52 [DEBUG] vertex root.provider.kong (close): evaluating
2016/09/05 00:54:52 [TRACE] [walkPlan] Entering eval tree: provider.kong (close)
2016/09/05 00:54:52 [DEBUG] root: eval: *terraform.EvalCloseProvider
2016/09/05 00:54:52 [TRACE] [walkPlan] Exiting eval tree: provider.kong (close)
2016/09/05 00:54:52 [TRACE] Graph after step *terraform.ConfigTransformer:

kong_api_plugin.jwt1 - *terraform.GraphNodeConfigResource
provider.kong - *terraform.GraphNodeConfigProvider
2016/09/05 00:54:52 [TRACE] Graph after step *terraform.OrphanTransformer:

kong_api_plugin.jwt1 - *terraform.GraphNodeConfigResource
provider.kong - *terraform.GraphNodeConfigProvider
2016/09/05 00:54:52 [TRACE] Graph after step *terraform.AddOutputOrphanTransformer:

kong_api_plugin.jwt1 - *terraform.GraphNodeConfigResource
provider.kong - *terraform.GraphNodeConfigProvider
2016/09/05 00:54:52 [TRACE] Graph after step *terraform.MissingProviderTransformer:

kong_api_plugin.jwt1 - *terraform.GraphNodeConfigResource
provider.kong - *terraform.GraphNodeConfigProvider
2016/09/05 00:54:52 [TRACE] Graph after step *terraform.ProviderTransformer:

kong_api_plugin.jwt1 - *terraform.GraphNodeConfigResource
  provider.kong - *terraform.GraphNodeConfigProvider
provider.kong - *terraform.GraphNodeConfigProvider
2016/09/05 00:54:52 [TRACE] Graph after step *terraform.DisableProviderTransformer:

kong_api_plugin.jwt1 - *terraform.GraphNodeConfigResource
  provider.kong - *terraform.GraphNodeConfigProvider
provider.kong - *terraform.GraphNodeConfigProvider
2016/09/05 00:54:52 [TRACE] Graph after step *terraform.MissingProvisionerTransformer:

kong_api_plugin.jwt1 - *terraform.GraphNodeConfigResource
  provider.kong - *terraform.GraphNodeConfigProvider
provider.kong - *terraform.GraphNodeConfigProvider
2016/09/05 00:54:52 [TRACE] Graph after step *terraform.ProvisionerTransformer:

kong_api_plugin.jwt1 - *terraform.GraphNodeConfigResource
  provider.kong - *terraform.GraphNodeConfigProvider
provider.kong - *terraform.GraphNodeConfigProvider
2016/09/05 00:54:52 [TRACE] Graph after step *terraform.VertexTransformer:

kong_api_plugin.jwt1 - *terraform.GraphNodeConfigResource
  provider.kong - *terraform.GraphNodeConfigProvider
provider.kong - *terraform.GraphNodeConfigProvider
2016/09/05 00:54:52 [TRACE] Graph after step *terraform.FlattenTransformer:

kong_api_plugin.jwt1 - *terraform.GraphNodeConfigResource
  provider.kong - *terraform.GraphNodeConfigProvider
provider.kong - *terraform.GraphNodeConfigProvider
2016/09/05 00:54:52 [TRACE] Graph after step *terraform.ProxyTransformer:

kong_api_plugin.jwt1 - *terraform.GraphNodeConfigResource
  provider.kong - *terraform.GraphNodeConfigProvider
provider.kong - *terraform.GraphNodeConfigProvider
2016/09/05 00:54:52 [TRACE] Graph after step *terraform.TargetsTransformer:

kong_api_plugin.jwt1 - *terraform.GraphNodeConfigResource
  provider.kong - *terraform.GraphNodeConfigProvider
provider.kong - *terraform.GraphNodeConfigProvider
2016/09/05 00:54:52 [TRACE] Graph after step *terraform.PruneProviderTransformer:

kong_api_plugin.jwt1 - *terraform.GraphNodeConfigResource
  provider.kong - *terraform.GraphNodeConfigProvider
provider.kong - *terraform.GraphNodeConfigProvider
2016/09/05 00:54:52 [TRACE] Graph after step *terraform.DestroyTransformer:

kong_api_plugin.jwt1 - *terraform.GraphNodeConfigResource
  kong_api_plugin.jwt1 (destroy) - *terraform.graphNodeResourceDestroy
  provider.kong - *terraform.GraphNodeConfigProvider
kong_api_plugin.jwt1 (destroy) - *terraform.graphNodeResourceDestroy
  provider.kong - *terraform.GraphNodeConfigProvider
provider.kong - *terraform.GraphNodeConfigProvider
2016/09/05 00:54:52 [TRACE] Graph after step *terraform.CreateBeforeDestroyTransformer:

kong_api_plugin.jwt1 - *terraform.GraphNodeConfigResource
  kong_api_plugin.jwt1 (destroy) - *terraform.graphNodeResourceDestroy
  provider.kong - *terraform.GraphNodeConfigProvider
kong_api_plugin.jwt1 (destroy) - *terraform.graphNodeResourceDestroy
  provider.kong - *terraform.GraphNodeConfigProvider
provider.kong - *terraform.GraphNodeConfigProvider
2016/09/05 00:54:52 [TRACE] Graph after step *terraform.PruneDestroyTransformer:

kong_api_plugin.jwt1 - *terraform.GraphNodeConfigResource
  provider.kong - *terraform.GraphNodeConfigProvider
provider.kong - *terraform.GraphNodeConfigProvider
2016/09/05 00:54:52 [DEBUG] Checking resource noop: kong_api_plugin.jwt1
2016/09/05 00:54:52 [DEBUG] Diff has kong_api_plugin.jwt1, resource is not a noop
2016/09/05 00:54:52 [DEBUG] Final noop value: false
2016/09/05 00:54:52 [TRACE] Graph after step *terraform.PruneNoopTransformer:

kong_api_plugin.jwt1 - *terraform.GraphNodeConfigResource
  provider.kong - *terraform.GraphNodeConfigProvider
provider.kong - *terraform.GraphNodeConfigProvider
2016/09/05 00:54:52 [TRACE] Graph after step *terraform.CloseProviderTransformer:

kong_api_plugin.jwt1 - *terraform.GraphNodeConfigResource
  provider.kong - *terraform.GraphNodeConfigProvider
provider.kong - *terraform.GraphNodeConfigProvider
provider.kong (close) - *terraform.graphNodeCloseProvider
  kong_api_plugin.jwt1 - *terraform.GraphNodeConfigResource
  provider.kong - *terraform.GraphNodeConfigProvider
2016/09/05 00:54:52 [TRACE] Graph after step *terraform.CloseProvisionerTransformer:

kong_api_plugin.jwt1 - *terraform.GraphNodeConfigResource
  provider.kong - *terraform.GraphNodeConfigProvider
provider.kong - *terraform.GraphNodeConfigProvider
provider.kong (close) - *terraform.graphNodeCloseProvider
  kong_api_plugin.jwt1 - *terraform.GraphNodeConfigResource
  provider.kong - *terraform.GraphNodeConfigProvider
2016/09/05 00:54:52 [TRACE] Graph after step *terraform.TransitiveReductionTransformer:

kong_api_plugin.jwt1 - *terraform.GraphNodeConfigResource
  provider.kong - *terraform.GraphNodeConfigProvider
provider.kong - *terraform.GraphNodeConfigProvider
provider.kong (close) - *terraform.graphNodeCloseProvider
  kong_api_plugin.jwt1 - *terraform.GraphNodeConfigResource
2016/09/05 00:54:52 [TRACE] Graph after step *terraform.RootTransformer:

kong_api_plugin.jwt1 - *terraform.GraphNodeConfigResource
  provider.kong - *terraform.GraphNodeConfigProvider
provider.kong - *terraform.GraphNodeConfigProvider
provider.kong (close) - *terraform.graphNodeCloseProvider
  kong_api_plugin.jwt1 - *terraform.GraphNodeConfigResource
2016/09/05 00:54:52 [TRACE] Graph after step *terraform.ConfigTransformer:

kong_api_plugin.jwt1 - *terraform.GraphNodeConfigResource
provider.kong - *terraform.GraphNodeConfigProvider
2016/09/05 00:54:52 [TRACE] Graph after step *terraform.OrphanTransformer:

kong_api_plugin.jwt1 - *terraform.GraphNodeConfigResource
provider.kong - *terraform.GraphNodeConfigProvider
2016/09/05 00:54:52 [TRACE] Graph after step *terraform.AddOutputOrphanTransformer:

kong_api_plugin.jwt1 - *terraform.GraphNodeConfigResource
provider.kong - *terraform.GraphNodeConfigProvider
2016/09/05 00:54:52 [TRACE] Graph after step *terraform.MissingProviderTransformer:

kong_api_plugin.jwt1 - *terraform.GraphNodeConfigResource
provider.kong - *terraform.GraphNodeConfigProvider
2016/09/05 00:54:52 [TRACE] Graph after step *terraform.ProviderTransformer:

kong_api_plugin.jwt1 - *terraform.GraphNodeConfigResource
  provider.kong - *terraform.GraphNodeConfigProvider
provider.kong - *terraform.GraphNodeConfigProvider
2016/09/05 00:54:52 [TRACE] Graph after step *terraform.DisableProviderTransformer:

kong_api_plugin.jwt1 - *terraform.GraphNodeConfigResource
  provider.kong - *terraform.GraphNodeConfigProvider
provider.kong - *terraform.GraphNodeConfigProvider
2016/09/05 00:54:52 [TRACE] Graph after step *terraform.MissingProvisionerTransformer:

kong_api_plugin.jwt1 - *terraform.GraphNodeConfigResource
  provider.kong - *terraform.GraphNodeConfigProvider
provider.kong - *terraform.GraphNodeConfigProvider
2016/09/05 00:54:52 [TRACE] Graph after step *terraform.ProvisionerTransformer:

kong_api_plugin.jwt1 - *terraform.GraphNodeConfigResource
  provider.kong - *terraform.GraphNodeConfigProvider
provider.kong - *terraform.GraphNodeConfigProvider
2016/09/05 00:54:52 [TRACE] Graph after step *terraform.VertexTransformer:

kong_api_plugin.jwt1 - *terraform.GraphNodeConfigResource
  provider.kong - *terraform.GraphNodeConfigProvider
provider.kong - *terraform.GraphNodeConfigProvider
2016/09/05 00:54:52 [TRACE] Graph after step *terraform.FlattenTransformer:

kong_api_plugin.jwt1 - *terraform.GraphNodeConfigResource
  provider.kong - *terraform.GraphNodeConfigProvider
provider.kong - *terraform.GraphNodeConfigProvider
2016/09/05 00:54:52 [TRACE] Graph after step *terraform.ProxyTransformer:

kong_api_plugin.jwt1 - *terraform.GraphNodeConfigResource
  provider.kong - *terraform.GraphNodeConfigProvider
provider.kong - *terraform.GraphNodeConfigProvider
2016/09/05 00:54:52 [TRACE] Graph after step *terraform.TargetsTransformer:

kong_api_plugin.jwt1 - *terraform.GraphNodeConfigResource
  provider.kong - *terraform.GraphNodeConfigProvider
provider.kong - *terraform.GraphNodeConfigProvider
2016/09/05 00:54:52 [TRACE] Graph after step *terraform.PruneProviderTransformer:

kong_api_plugin.jwt1 - *terraform.GraphNodeConfigResource
  provider.kong - *terraform.GraphNodeConfigProvider
provider.kong - *terraform.GraphNodeConfigProvider
2016/09/05 00:54:52 [TRACE] Graph after step *terraform.DestroyTransformer:

kong_api_plugin.jwt1 - *terraform.GraphNodeConfigResource
  kong_api_plugin.jwt1 (destroy) - *terraform.graphNodeResourceDestroy
  provider.kong - *terraform.GraphNodeConfigProvider
kong_api_plugin.jwt1 (destroy) - *terraform.graphNodeResourceDestroy
  provider.kong - *terraform.GraphNodeConfigProvider
provider.kong - *terraform.GraphNodeConfigProvider
2016/09/05 00:54:52 [TRACE] Graph after step *terraform.CreateBeforeDestroyTransformer:

kong_api_plugin.jwt1 - *terraform.GraphNodeConfigResource
  kong_api_plugin.jwt1 (destroy) - *terraform.graphNodeResourceDestroy
  provider.kong - *terraform.GraphNodeConfigProvider
kong_api_plugin.jwt1 (destroy) - *terraform.graphNodeResourceDestroy
  provider.kong - *terraform.GraphNodeConfigProvider
provider.kong - *terraform.GraphNodeConfigProvider
2016/09/05 00:54:52 [TRACE] Graph after step *terraform.PruneDestroyTransformer:

kong_api_plugin.jwt1 - *terraform.GraphNodeConfigResource
  provider.kong - *terraform.GraphNodeConfigProvider
provider.kong - *terraform.GraphNodeConfigProvider
2016/09/05 00:54:52 [DEBUG] Checking resource noop: kong_api_plugin.jwt1
2016/09/05 00:54:52 [DEBUG] Diff has kong_api_plugin.jwt1, resource is not a noop
2016/09/05 00:54:52 [DEBUG] Final noop value: false
2016/09/05 00:54:52 [TRACE] Graph after step *terraform.PruneNoopTransformer:

kong_api_plugin.jwt1 - *terraform.GraphNodeConfigResource
  provider.kong - *terraform.GraphNodeConfigProvider
provider.kong - *terraform.GraphNodeConfigProvider
2016/09/05 00:54:52 [TRACE] Graph after step *terraform.CloseProviderTransformer:

kong_api_plugin.jwt1 - *terraform.GraphNodeConfigResource
  provider.kong - *terraform.GraphNodeConfigProvider
provider.kong - *terraform.GraphNodeConfigProvider
provider.kong (close) - *terraform.graphNodeCloseProvider
  kong_api_plugin.jwt1 - *terraform.GraphNodeConfigResource
  provider.kong - *terraform.GraphNodeConfigProvider
2016/09/05 00:54:52 [TRACE] Graph after step *terraform.CloseProvisionerTransformer:

kong_api_plugin.jwt1 - *terraform.GraphNodeConfigResource
  provider.kong - *terraform.GraphNodeConfigProvider
provider.kong - *terraform.GraphNodeConfigProvider
provider.kong (close) - *terraform.graphNodeCloseProvider
  kong_api_plugin.jwt1 - *terraform.GraphNodeConfigResource
  provider.kong - *terraform.GraphNodeConfigProvider
2016/09/05 00:54:52 [TRACE] Graph after step *terraform.TransitiveReductionTransformer:

kong_api_plugin.jwt1 - *terraform.GraphNodeConfigResource
  provider.kong - *terraform.GraphNodeConfigProvider
provider.kong - *terraform.GraphNodeConfigProvider
provider.kong (close) - *terraform.graphNodeCloseProvider
  kong_api_plugin.jwt1 - *terraform.GraphNodeConfigResource
2016/09/05 00:54:52 [TRACE] Graph after step *terraform.RootTransformer:

kong_api_plugin.jwt1 - *terraform.GraphNodeConfigResource
  provider.kong - *terraform.GraphNodeConfigProvider
provider.kong - *terraform.GraphNodeConfigProvider
provider.kong (close) - *terraform.graphNodeCloseProvider
  kong_api_plugin.jwt1 - *terraform.GraphNodeConfigResource
2016/09/05 00:54:52 [DEBUG] Starting graph walk: walkApply
2016/09/05 00:54:52 [DEBUG] vertex root.provider.kong: walking
2016/09/05 00:54:52 [DEBUG] vertex root.provider.kong: evaluating
2016/09/05 00:54:52 [TRACE] [walkApply] Entering eval tree: provider.kong
2016/09/05 00:54:52 [DEBUG] root: eval: *terraform.EvalSequence
2016/09/05 00:54:52 [DEBUG] root: eval: *terraform.EvalInitProvider
2016/09/05 00:54:52 [DEBUG] root: eval: terraform.EvalNoop
2016/09/05 00:54:52 [DEBUG] root: eval: terraform.EvalNoop
2016/09/05 00:54:52 [DEBUG] root: eval: *terraform.EvalOpFilter
2016/09/05 00:54:52 [DEBUG] root: eval: *terraform.EvalSequence
2016/09/05 00:54:52 [DEBUG] root: eval: *terraform.EvalGetProvider
2016/09/05 00:54:52 [DEBUG] root: eval: *terraform.EvalInterpolate
2016/09/05 00:54:52 [DEBUG] root: eval: *terraform.EvalBuildProviderConfig
2016/09/05 00:54:52 [DEBUG] root: eval: *terraform.EvalSetProviderConfig
2016/09/05 00:54:52 [DEBUG] root: eval: *terraform.EvalOpFilter
2016/09/05 00:54:52 [DEBUG] root: eval: *terraform.EvalSequence
2016/09/05 00:54:52 [DEBUG] root: eval: *terraform.EvalConfigProvider
2016/09/05 00:54:52 [TRACE] [walkApply] Exiting eval tree: provider.kong
2016/09/05 00:54:52 [DEBUG] vertex kong_api_plugin.jwt1, got dep: provider.kong
2016/09/05 00:54:52 [DEBUG] vertex root.kong_api_plugin.jwt1: walking
2016/09/05 00:54:52 [DEBUG] vertex root.kong_api_plugin.jwt1: evaluating
2016/09/05 00:54:52 [TRACE] [walkApply] Entering eval tree: kong_api_plugin.jwt1
2016/09/05 00:54:52 [DEBUG] root: eval: *terraform.EvalSequence
2016/09/05 00:54:52 [DEBUG] root: eval: *terraform.EvalInterpolate
2016/09/05 00:54:52 [DEBUG] root: eval: terraform.EvalNoop
2016/09/05 00:54:52 [DEBUG] root: eval: *terraform.EvalCountFixZeroOneBoundary
2016/09/05 00:54:52 [TRACE] [walkApply] Exiting eval tree: kong_api_plugin.jwt1
2016/09/05 00:54:52 [DEBUG] vertex root.kong_api_plugin.jwt1: expanding/walking dynamic subgraph
2016/09/05 00:54:52 [TRACE] Graph after step *terraform.ResourceCountTransformer:

kong_api_plugin.jwt1 - *terraform.graphNodeExpandedResource
2016/09/05 00:54:52 [TRACE] Graph after step *terraform.TargetsTransformer:

kong_api_plugin.jwt1 - *terraform.graphNodeExpandedResource
2016/09/05 00:54:52 [TRACE] Graph after step *terraform.RootTransformer:

kong_api_plugin.jwt1 - *terraform.graphNodeExpandedResource
2016/09/05 00:54:52 [DEBUG] vertex root.kong_api_plugin.jwt1: walking
2016/09/05 00:54:52 [DEBUG] vertex root.kong_api_plugin.jwt1: evaluating
2016/09/05 00:54:52 [TRACE] [walkApply] Entering eval tree: kong_api_plugin.jwt1
2016/09/05 00:54:52 [DEBUG] root: eval: *terraform.EvalSequence
2016/09/05 00:54:52 [DEBUG] root: eval: terraform.EvalNoop
2016/09/05 00:54:52 [DEBUG] root: eval: *terraform.EvalInstanceInfo
2016/09/05 00:54:52 [DEBUG] root: eval: terraform.EvalNoop
2016/09/05 00:54:52 [DEBUG] root: eval: terraform.EvalNoop
2016/09/05 00:54:52 [DEBUG] root: eval: terraform.EvalNoop
2016/09/05 00:54:52 [DEBUG] root: eval: *terraform.EvalOpFilter
2016/09/05 00:54:52 [DEBUG] root: eval: *terraform.EvalSequence
2016/09/05 00:54:52 [DEBUG] root: eval: *terraform.EvalReadDiff
2016/09/05 00:54:52 [DEBUG] root: eval: *terraform.EvalIf
2016/09/05 00:54:52 [DEBUG] root: eval: terraform.EvalNoop
2016/09/05 00:54:52 [DEBUG] root: eval: *terraform.EvalIf
2016/09/05 00:54:52 [DEBUG] root: eval: *terraform.EvalInterpolate
2016/09/05 00:54:52 [DEBUG] root: eval: *terraform.EvalGetProvider
2016/09/05 00:54:52 [DEBUG] root: eval: *terraform.EvalReadState
2016/09/05 00:54:52 [DEBUG] root: eval: *terraform.EvalValidateResource
2016/09/05 00:54:52 [DEBUG] root: eval: *terraform.EvalDiff
2016/09/05 00:54:52 [DEBUG] root: eval: *terraform.EvalReadDiff
2016/09/05 00:54:52 [DEBUG] root: eval: *terraform.EvalCompareDiff
2016/09/05 00:54:52 [DEBUG] root: eval: *terraform.EvalGetProvider
2016/09/05 00:54:52 [DEBUG] root: eval: *terraform.EvalReadState
2016/09/05 00:54:52 [DEBUG] root: eval: *terraform.EvalApply
2016/09/05 00:54:52 [DEBUG] apply: kong_api_plugin.jwt1: executing Apply
2016/09/05 00:54:52 [DEBUG] plugin: terraform-provider-kong: panic: interface conversion: interface {} is map[string]interface {}, not map[string]string
2016/09/05 00:54:52 [DEBUG] plugin: terraform-provider-kong: 
2016/09/05 00:54:52 [DEBUG] plugin: terraform-provider-kong: goroutine 63 [running]:
2016/09/05 00:54:52 [DEBUG] plugin: terraform-provider-kong: panic(0x512220, 0xc4202ef580)
2016/09/05 00:54:52 [DEBUG] plugin: terraform-provider-kong: 	/usr/local/Cellar/go/1.7/libexec/src/runtime/panic.go:500 +0x1a1
2016/09/05 00:54:52 [DEBUG] plugin: terraform-provider-kong: github.com/martinivanov/terraform-provider-kong/kong.getPluginFromResourceData(0xc4202ea720, 0x0)
2016/09/05 00:54:52 [DEBUG] plugin: terraform-provider-kong: 	/Users/martinivanov/Projects/go/src/github.com/martinivanov/terraform-provider-kong/kong/resource_kong_api_plugin.go:136 +0x2db
2016/09/05 00:54:52 [DEBUG] plugin: terraform-provider-kong: github.com/martinivanov/terraform-provider-kong/kong.resourceKongPluginCreate(0xc4202ea720, 0x58b620, 0xc420255000, 0x514100, 0xc784)
2016/09/05 00:54:52 [DEBUG] plugin: terraform-provider-kong: 	/Users/martinivanov/Projects/go/src/github.com/martinivanov/terraform-provider-kong/kong/resource_kong_api_plugin.go:56 +0x44
2016/09/05 00:54:52 [DEBUG] plugin: terraform-provider-kong: github.com/hashicorp/terraform/helper/schema.(*Resource).Apply(0xc4202826c0, 0xc42023e640, 0xc4202f0a40, 0x58b620, 0xc420255000, 0x1, 0xc4202ed530, 0x0)
2016/09/05 00:54:52 [DEBUG] plugin: terraform-provider-kong: 	/Users/martinivanov/Projects/go/src/github.com/hashicorp/terraform/helper/schema/resource.go:162 +0x30e
2016/09/05 00:54:52 [DEBUG] plugin: terraform-provider-kong: github.com/hashicorp/terraform/helper/schema.(*Provider).Apply(0xc42028ae70, 0xc4202ef0c0, 0xc42023e640, 0xc4202f0a40, 0x0, 0x18, 0x18)
2016/09/05 00:54:52 [DEBUG] plugin: terraform-provider-kong: 	/Users/martinivanov/Projects/go/src/github.com/hashicorp/terraform/helper/schema/provider.go:178 +0x9b
2016/09/05 00:54:52 [DEBUG] plugin: terraform-provider-kong: github.com/hashicorp/terraform/plugin.(*ResourceProviderServer).Apply(0xc420286c20, 0xc4202f0540, 0xc4202f46c0, 0x0, 0x0)
2016/09/05 00:54:52 [DEBUG] plugin: terraform-provider-kong: 	/Users/martinivanov/Projects/go/src/github.com/hashicorp/terraform/plugin/resource_provider.go:460 +0x57
2016/09/05 00:54:52 [DEBUG] plugin: terraform-provider-kong: reflect.Value.call(0xc4201513e0, 0xc42025a2f0, 0x13, 0x59e013, 0x4, 0xc420053ee0, 0x3, 0x3, 0x82bde0, 0xc420285110, ...)
2016/09/05 00:54:52 [DEBUG] plugin: terraform-provider-kong: 	/usr/local/Cellar/go/1.7/libexec/src/reflect/value.go:434 +0x5c8
2016/09/05 00:54:52 [DEBUG] plugin: terraform-provider-kong: reflect.Value.Call(0xc4201513e0, 0xc42025a2f0, 0x13, 0xc420053ee0, 0x3, 0x3, 0x0, 0xc420237980, 0x667e4)
2016/09/05 00:54:52 [DEBUG] plugin: terraform-provider-kong: 	/usr/local/Cellar/go/1.7/libexec/src/reflect/value.go:302 +0xa4
2016/09/05 00:54:52 [DEBUG] plugin: terraform-provider-kong: net/rpc.(*service).call(0xc4202359c0, 0xc420235980, 0xc420239088, 0xc420254900, 0xc42023da80, 0x4bffa0, 0xc4202f0540, 0x16, 0x4bffe0, 0xc4202f46c0, ...)
2016/09/05 00:54:52 [DEBUG] plugin: terraform-provider-kong: 	/usr/local/Cellar/go/1.7/libexec/src/net/rpc/server.go:383 +0x148
2016/09/05 00:54:52 [DEBUG] plugin: terraform-provider-kong: created by net/rpc.(*Server).ServeCodec
2016/09/05 00:54:52 [DEBUG] plugin: terraform-provider-kong: 	/usr/local/Cellar/go/1.7/libexec/src/net/rpc/server.go:477 +0x421
2016/09/05 00:54:52 [DEBUG] root: eval: *terraform.EvalWriteState
2016/09/05 00:54:52 [DEBUG] root: eval: *terraform.EvalApplyProvisioners
2016/09/05 00:54:52 [DEBUG] root: eval: *terraform.EvalIf
2016/09/05 00:54:52 [DEBUG] root: eval: *terraform.EvalWriteState
2016/09/05 00:54:52 [DEBUG] root: eval: *terraform.EvalWriteDiff
2016/09/05 00:54:52 [DEBUG] root: eval: *terraform.EvalApplyPost
2016/09/05 00:54:52 [ERROR] root: eval: *terraform.EvalApplyPost, err: 1 error(s) occurred:

* kong_api_plugin.jwt1: unexpected EOF
2016/09/05 00:54:52 [ERROR] root: eval: *terraform.EvalSequence, err: 1 error(s) occurred:

* kong_api_plugin.jwt1: unexpected EOF
2016/09/05 00:54:52 [ERROR] root: eval: *terraform.EvalOpFilter, err: 1 error(s) occurred:

* kong_api_plugin.jwt1: unexpected EOF
2016/09/05 00:54:52 [ERROR] root: eval: *terraform.EvalSequence, err: 1 error(s) occurred:

* kong_api_plugin.jwt1: unexpected EOF
2016/09/05 00:54:52 [TRACE] [walkApply] Exiting eval tree: kong_api_plugin.jwt1
2016/09/05 00:54:52 [DEBUG] vertex provider.kong (close), got dep: kong_api_plugin.jwt1
2016/09/05 00:54:52 [DEBUG] plugin: /Users/martinivanov/Projects/go/src/github.com/martinivanov/terraform-provider-kong/terraform-provider-kong: plugin process exited
2016/09/05 00:54:52 [TRACE] Preserving existing state lineage "4122cfa7-d88d-411e-9a53-1cc2f7b0d13d"
2016/09/05 00:54:52 [TRACE] Preserving existing state lineage "4122cfa7-d88d-411e-9a53-1cc2f7b0d13d"
2016/09/05 00:54:52 [DEBUG] plugin: waiting for all plugin processes to complete...
